<?xml version="1.0" encoding="UTF-8"?>
<!-- Generated by org.testng.reporters.JUnitXMLReporter -->
<testsuite hostname="INDIA-PRIYANKAS" ignored="0" name="Test" tests="1" failures="1" timestamp="2020-06-22T22:48:38 IST" time="64.874" errors="0">
  <testcase name="feature" time="64.525" classname="cucumber.api.testng.AbstractTestNGCucumberTests">
    <failure type="cucumber.runtime.CucumberException" message="cucumber.runtime.CucumberException: Arity mismatch: Step Definition &amp;apos;stepDefinition.steps.swap_the_added_gadgets_in_the_dashboard(String) in file:/D:/finning/Cucumber/target/test-classes/&amp;apos; with pattern [^Swap the Added Gadgets in the Dashboard$] is declared with 1 parameters. However, the gherkin step has 0 arguments []. 
Step: Then Swap the Added Gadgets in the Dashboard">
      <![CDATA[cucumber.runtime.CucumberException: cucumber.runtime.CucumberException: Arity mismatch: Step Definition 'stepDefinition.steps.swap_the_added_gadgets_in_the_dashboard(String) in file:/D:/finning/Cucumber/target/test-classes/' with pattern [^Swap the Added Gadgets in the Dashboard$] is declared with 1 parameters. However, the gherkin step has 0 arguments []. 
Step: Then Swap the Added Gadgets in the Dashboard
at cucumber.api.testng.TestNGCucumberRunner.runCucumber(TestNGCucumberRunner.java:69)
at cucumber.api.testng.AbstractTestNGCucumberTests.feature(AbstractTestNGCucumberTests.java:21)
at java.util.ArrayList.forEach(Unknown Source)
Caused by: cucumber.runtime.CucumberException: Arity mismatch: Step Definition 'stepDefinition.steps.swap_the_added_gadgets_in_the_dashboard(String) in file:/D:/finning/Cucumber/target/test-classes/' with pattern [^Swap the Added Gadgets in the Dashboard$] is declared with 1 parameters. However, the gherkin step has 0 arguments []. 
Step: Then Swap the Added Gadgets in the Dashboard
at cucumber.runtime.StepDefinitionMatch.arityMismatch(StepDefinitionMatch.java:102)
at cucumber.runtime.StepDefinitionMatch.transformedArgs(StepDefinitionMatch.java:60)
at cucumber.runtime.StepDefinitionMatch.runStep(StepDefinitionMatch.java:37)
at cucumber.runtime.Runtime.runStep(Runtime.java:300)
at cucumber.runtime.model.StepContainer.runStep(StepContainer.java:44)
at cucumber.runtime.model.StepContainer.runSteps(StepContainer.java:39)
at cucumber.runtime.model.CucumberScenario.run(CucumberScenario.java:44)
at cucumber.runtime.model.CucumberScenarioOutline.run(CucumberScenarioOutline.java:46)
at cucumber.runtime.model.CucumberFeature.run(CucumberFeature.java:165)
at cucumber.api.testng.TestNGCucumberRunner.runCucumber(TestNGCucumberRunner.java:63)
... 29 more
... Removed 27 stack frames]]>
    </failure>
  </testcase> <!-- feature -->
</testsuite> <!-- Test -->
